m:\covers\rahandy\rasuitenew\ra_integration\release\vc140.pdb
m:\covers\rahandy\rasuitenew\ra_integration\release\md5.obj
m:\covers\rahandy\rasuitenew\ra_integration\release\ra_memmanager.obj
m:\covers\rahandy\rasuitenew\ra_integration\release\ra_md5factory.obj
m:\covers\rahandy\rasuitenew\ra_integration\release\ra_leaderboardpopup.obj
m:\covers\rahandy\rasuitenew\ra_integration\release\ra_leaderboard.obj
m:\covers\rahandy\rasuitenew\ra_integration\release\ra_imagefactory.obj
m:\covers\rahandy\rasuitenew\ra_integration\release\ra_httpthread.obj
m:\covers\rahandy\rasuitenew\ra_integration\release\ra_dlg_memory.obj
m:\covers\rahandy\rasuitenew\ra_integration\release\ra_dlg_login.obj
m:\covers\rahandy\rasuitenew\ra_integration\release\ra_dlg_gametitle.obj
m:\covers\rahandy\rasuitenew\ra_integration\release\ra_dlg_gamelibrary.obj
m:\covers\rahandy\rasuitenew\ra_integration\release\ra_dlg_achievementsreporter.obj
m:\covers\rahandy\rasuitenew\ra_integration\release\ra_dlg_achievement.obj
m:\covers\rahandy\rasuitenew\ra_integration\release\ra_dlg_acheditor.obj
m:\covers\rahandy\rasuitenew\ra_integration\release\ra_defs.obj
m:\covers\rahandy\rasuitenew\ra_integration\release\ra_core.obj
m:\covers\rahandy\rasuitenew\ra_integration\release\ra_condition.obj
m:\covers\rahandy\rasuitenew\ra_integration\release\ra_codenotes.obj
m:\covers\rahandy\rasuitenew\ra_integration\release\ra_achievementpopup.obj
m:\covers\rahandy\rasuitenew\ra_integration\release\ra_achievementoverlay.obj
m:\covers\rahandy\rasuitenew\ra_integration\release\ra_achievement.obj
m:\covers\rahandy\rasuitenew\ra_integration\release\ra_interface.obj
m:\covers\rahandy\rasuitenew\ra_integration\release\ra_user.obj
m:\covers\rahandy\rasuitenew\ra_integration\release\ra_richpresence.obj
m:\covers\rahandy\rasuitenew\ra_integration\release\ra_progresspopup.obj
m:\covers\rahandy\rasuitenew\ra_integration\release\ra_popupwindows.obj
m:\covers\rahandy\rasuitenew\ra_integration\ra_integration.ilk
m:\covers\rahandy\rasuitenew\ra_integration\ra_integration.dll
m:\covers\rahandy\rasuitenew\release\ra_integration.pdb
m:\covers\rahandy\rasuitenew\release\ra_integration.lib
m:\covers\rahandy\rasuitenew\release\ra_integration.exp
m:\covers\rahandy\rasuitenew\ra_integration\release\ra_shared.res
m:\covers\rahandy\rasuitenew\release\ra_integration.dll
m:\covers\rahandy\rasuitenew\ra_integration\release\ra_integration.tlog\cl.command.1.tlog
m:\covers\rahandy\rasuitenew\ra_integration\release\ra_integration.tlog\cl.read.1.tlog
m:\covers\rahandy\rasuitenew\ra_integration\release\ra_integration.tlog\cl.write.1.tlog
m:\covers\rahandy\rasuitenew\ra_integration\release\ra_integration.tlog\link.command.1.tlog
m:\covers\rahandy\rasuitenew\ra_integration\release\ra_integration.tlog\link.read.1.tlog
m:\covers\rahandy\rasuitenew\ra_integration\release\ra_integration.tlog\link.write.1.tlog
m:\covers\rahandy\rasuitenew\ra_integration\release\ra_integration.tlog\ra_integration.write.1u.tlog
m:\covers\rahandy\rasuitenew\ra_integration\release\ra_integration.tlog\rc.command.1.tlog
m:\covers\rahandy\rasuitenew\ra_integration\release\ra_integration.tlog\rc.read.1.tlog
m:\covers\rahandy\rasuitenew\ra_integration\release\ra_integration.tlog\rc.write.1.tlog
