m:\release\vc140.pdb
m:\release\mikie.obj
m:\release\mikie.asm
m:\release\memmap.obj
m:\release\memmap.asm
m:\release\keydefs.obj
m:\release\keydefs.asm
m:\release\hexedit.obj
m:\release\hexedit.asm
m:\release\gfxwin.obj
m:\release\gfxwin.asm
m:\release\editline.obj
m:\release\editline.asm
m:\release\dxerror.obj
m:\release\dxerror.asm
m:\release\dumpwin.obj
m:\release\dumpwin.asm
m:\release\dmpwndlg.obj
m:\release\dmpwndlg.asm
m:\release\displine.obj
m:\release\displine.asm
m:\release\directsoundplayer.obj
m:\release\directsoundplayer.asm
m:\release\debuggerwin.obj
m:\release\debuggerwin.asm
m:\release\debugger.obj
m:\release\debugger.asm
m:\release\colorstatic.obj
m:\release\colorstatic.asm
m:\release\codewin.obj
m:\release\codewin.asm
m:\release\cart.obj
m:\release\cart.asm
m:\release\ra_interface.obj
m:\release\ra_interface.asm
m:\release\windowgdi.obj
m:\release\windowgdi.asm
m:\release\tracewin.obj
m:\release\tracewin.asm
m:\release\tracedlg.obj
m:\release\tracedlg.asm
m:\release\system.obj
m:\release\system.asm
m:\release\susie.obj
m:\release\susie.asm
m:\release\rom.obj
m:\release\rom.asm
m:\release\ra_implementation.obj
m:\release\ra_implementation.asm
m:\release\ram.obj
m:\release\ram.asm
m:\release\netobj.obj
m:\release\netobj.asm
m:\covers\rahandy\rasuitenew\release\handy.tlog\cl.command.1.tlog
m:\covers\rahandy\rasuitenew\release\handy.tlog\cl.read.1.tlog
m:\covers\rahandy\rasuitenew\release\handy.tlog\cl.write.1.tlog
